<?xml version="1.0" encoding="UTF-8"?>
<!-- Generated by org.testng.reporters.JUnitReportReporter -->
<testsuite skipped="0" hostname="MacBook-Pro.fios-router.home" name="testCases.TC003_POST_createEmployee" tests="1" failures="0" timestamp="22 Apr 2020 18:10:04 GMT" time="0.003" errors="0">
  <testcase name="responseBody" time="0.003" classname="testCases.TC003_POST_createEmployee"/>
</testsuite> <!-- testCases.TC003_POST_createEmployee -->
