<?xml version="1.0" encoding="UTF-8"?>
<!-- Generated by org.testng.reporters.JUnitReportReporter -->
<testsuite skipped="0" hostname="MacBook-Pro.fios-router.home" name="testCases.TC001_GET_allEmployees" tests="4" failures="0" timestamp="22 Apr 2020 18:10:04 GMT" time="0.096" errors="0">
  <testcase name="checkStatusLine" time="0.007" classname="testCases.TC001_GET_allEmployees"/>
  <testcase name="validateResponseBody" time="0.071" classname="testCases.TC001_GET_allEmployees"/>
  <testcase name="checkResponseTime" time="0.007" classname="testCases.TC001_GET_allEmployees"/>
  <testcase name="checkStatusCode" time="0.011" classname="testCases.TC001_GET_allEmployees"/>
</testsuite> <!-- testCases.TC001_GET_allEmployees -->
